master.py;random;Started job with job id 0;2020-12-01 22:03:52,625
master.py;random;Started job with job id 1;2020-12-01 22:03:53,101
master.py;random;Started job with job id 2;2020-12-01 22:03:54,012
master.py;random;Completed task 0_M1 at 2020-12-01 22:03:54.234219 duration 01.010000;2020-12-01 22:03:54,257
master.py;random;Completed task 0_M0 at 2020-12-01 22:03:55.241832 duration 02.030000;2020-12-01 22:03:55,246
master.py;random;Completed task 1_M0 at 2020-12-01 22:03:56.228209 duration 03.010000;2020-12-01 22:03:56,233
master.py;random;Completed task 2_M2 at 2020-12-01 22:03:56.230626 duration 02.020000;2020-12-01 22:03:56,246
master.py;random;Completed task 2_M0 at 2020-12-01 22:03:57.235833 duration 03.020000;2020-12-01 22:03:57,274
master.py;random;Completed task 0_R0 at 2020-12-01 22:03:57.237069 duration 01.010000;2020-12-01 22:03:57,297
master.py;random;Completed job 0;2020-12-01 22:03:57,309
master.py;random;Completed task 1_M1 at 2020-12-01 22:03:57.251843 duration 04.040000;2020-12-01 22:03:57,344
master.py;random;Started job with job id 3;2020-12-01 22:03:58,208
master.py;random;Completed task 2_M1 at 2020-12-01 22:03:58.255443 duration 04.030000;2020-12-01 22:03:58,290
master.py;random;Completed task 3_M0 at 2020-12-01 22:03:59.261323 duration 01.010000;2020-12-01 22:03:59,277
master.py;random;Completed task 3_M1 at 2020-12-01 22:04:00.266482 duration 02.010000;2020-12-01 22:04:00,282
master.py;random;Completed task 1_R0 at 2020-12-01 22:04:01.265353 duration 03.020000;2020-12-01 22:04:01,294
master.py;random;Completed job 1;2020-12-01 22:04:01,294
master.py;random;Completed task 3_R0 at 2020-12-01 22:04:02.275957 duration 01;2020-12-01 22:04:02,284
master.py;random;Completed task 2_R0 at 2020-12-01 22:04:03.277659 duration 04.020000;2020-12-01 22:04:03,306
master.py;random;Completed task 3_R1 at 2020-12-01 22:04:03.277655 duration 02;2020-12-01 22:04:03,317
master.py;random;Completed job 2;2020-12-01 22:04:03,317
master.py;random;Completed job 3;2020-12-01 22:04:03,346
